<?xml version="1.0" encoding="UTF-8"?>
<!-- Generated by org.testng.reporters.JUnitXMLReporter -->
<testsuite hostname="RSI1525" ignored="0" name="Funcionalidades Cadastro de novo usuario, Pesquisa de Produto pela pagina Inicial, Pesquisa de produto pelo campo de pesquisa" tests="6" failures="2" timestamp="2020-02-18T18:20:34 BRT" time="194.827" errors="0">
  <testcase name="Pesquisar_Produto_Pela_Pagina_Inicial_Existente" time="8.059" classname="br.com.rsinet.hub.projetoAppiumTDD.test.PesquisaHome"/>
  <testcase name="Pesquisar_Produto_Pela_Pagina_Inicial_Incorreto" time="7.851" classname="br.com.rsinet.hub.projetoAppiumTDD.test.PesquisaHome"/>
  <testcase name="Pesquisar_Produto_Pela_Barra_De_Pesquisa" time="13.948" classname="br.com.rsinet.hub.projetoAppiumTDD.test.PesquisaLupa"/>
  <testcase name="Pesquisar_Produto_Pela_Barra_De_Pesquisa_Inexistente" time="3.581" classname="br.com.rsinet.hub.projetoAppiumTDD.test.PesquisaLupa"/>
  <testcase name="Cadastrar_Usuario" time="49.015" classname="br.com.rsinet.hub.projetoAppiumTDD.test.RegistroExcel">
    <failure type="org.openqa.selenium.NoSuchElementException" message="An element could not be located on the page using the given search parameters.
For documentation on this error, please visit: https://www.seleniumhq.org/exceptions/no_such_element.html
Build info: version: &amp;apos;3.141.59&amp;apos;, revision: &amp;apos;e82be7d358&amp;apos;, time: &amp;apos;2018-11-14T08:17:03&amp;apos;
System info: host: &amp;apos;RSI1525&amp;apos;, ip: &amp;apos;10.1.11.196&amp;apos;, os.name: &amp;apos;Windows 10&amp;apos;, os.arch: &amp;apos;amd64&amp;apos;, os.version: &amp;apos;10.0&amp;apos;, java.version: &amp;apos;1.8.0_231&amp;apos;
Driver info: io.appium.java_client.android.AndroidDriver
Capabilities {appActivity: com.Advantage.aShopping.Spl..., appPackage: com.Advantage.aShopping, databaseEnabled: false, desired: {appActivity: com.Advantage.aShopping.Spl..., appPackage: com.Advantage.aShopping, deviceName: AOSP on IA Emulator, platformName: android, platformVersion: 9}, deviceApiLevel: 28, deviceManufacturer: Google, deviceModel: AOSP on IA Emulator, deviceName: emulator-5554, deviceScreenDensity: 480, deviceScreenSize: 1080x1920, deviceUDID: emulator-5554, javascriptEnabled: true, locationContextEnabled: false, networkConnectionEnabled: true, pixelRatio: 3, platform: LINUX, platformName: Android, platformVersion: 9, statBarHeight: 72, takesScreenshot: true, viewportRect: {height: 1704, left: 0, top: 72, width: 1080}, warnings: {}, webStorageEnabled: false}
Session ID: baf1fcca-f5d4-438e-a17b-7ed086075c6e
*** Element info: {Using=id, value=com.Advantage.aShopping:id/textViewMenuSignOut}">
      <![CDATA[org.openqa.selenium.NoSuchElementException: An element could not be located on the page using the given search parameters.
For documentation on this error, please visit: https://www.seleniumhq.org/exceptions/no_such_element.html
Build info: version: '3.141.59', revision: 'e82be7d358', time: '2018-11-14T08:17:03'
System info: host: 'RSI1525', ip: '10.1.11.196', os.name: 'Windows 10', os.arch: 'amd64', os.version: '10.0', java.version: '1.8.0_231'
Driver info: io.appium.java_client.android.AndroidDriver
Capabilities {appActivity: com.Advantage.aShopping.Spl..., appPackage: com.Advantage.aShopping, databaseEnabled: false, desired: {appActivity: com.Advantage.aShopping.Spl..., appPackage: com.Advantage.aShopping, deviceName: AOSP on IA Emulator, platformName: android, platformVersion: 9}, deviceApiLevel: 28, deviceManufacturer: Google, deviceModel: AOSP on IA Emulator, deviceName: emulator-5554, deviceScreenDensity: 480, deviceScreenSize: 1080x1920, deviceUDID: emulator-5554, javascriptEnabled: true, locationContextEnabled: false, networkConnectionEnabled: true, pixelRatio: 3, platform: LINUX, platformName: Android, platformVersion: 9, statBarHeight: 72, takesScreenshot: true, viewportRect: {height: 1704, left: 0, top: 72, width: 1080}, warnings: {}, webStorageEnabled: false}
Session ID: baf1fcca-f5d4-438e-a17b-7ed086075c6e
*** Element info: {Using=id, value=com.Advantage.aShopping:id/textViewMenuSignOut}
at org.openqa.selenium.remote.http.W3CHttpResponseCodec.createException(W3CHttpResponseCodec.java:187)
at org.openqa.selenium.remote.http.W3CHttpResponseCodec.decode(W3CHttpResponseCodec.java:122)
at org.openqa.selenium.remote.http.W3CHttpResponseCodec.decode(W3CHttpResponseCodec.java:49)
at org.openqa.selenium.remote.HttpCommandExecutor.execute(HttpCommandExecutor.java:158)
at io.appium.java_client.remote.AppiumCommandExecutor.execute(AppiumCommandExecutor.java:239)
at org.openqa.selenium.remote.RemoteWebDriver.execute(RemoteWebDriver.java:552)
at io.appium.java_client.DefaultGenericMobileDriver.execute(DefaultGenericMobileDriver.java:42)
at io.appium.java_client.AppiumDriver.execute(AppiumDriver.java:1)
at io.appium.java_client.android.AndroidDriver.execute(AndroidDriver.java:1)
at org.openqa.selenium.remote.RemoteWebDriver.findElement(RemoteWebDriver.java:323)
at io.appium.java_client.DefaultGenericMobileDriver.findElement(DefaultGenericMobileDriver.java:62)
at io.appium.java_client.AppiumDriver.findElement(AppiumDriver.java:1)
at io.appium.java_client.android.AndroidDriver.findElement(AndroidDriver.java:1)
at org.openqa.selenium.remote.RemoteWebDriver.findElementById(RemoteWebDriver.java:372)
at io.appium.java_client.DefaultGenericMobileDriver.findElementById(DefaultGenericMobileDriver.java:70)
at io.appium.java_client.AppiumDriver.findElementById(AppiumDriver.java:1)
at io.appium.java_client.android.AndroidDriver.findElementById(AndroidDriver.java:1)
at br.com.rsinet.hub.projetoAppiumTDD.screenObject.HomeScreen.btn_Deslogar(HomeScreen.java:75)
at br.com.rsinet.hub.projetoAppiumTDD.test.RegistroExcel.Cadastrar_Usuario(RegistroExcel.java:114)
at java.util.ArrayList.forEach(Unknown Source)
... Removed 31 stack frames]]>
    </failure>
  </testcase> <!-- Cadastrar_Usuario -->
  <testcase name="Cadastrar_Usuario_Ja_Existente" time="59.855" classname="br.com.rsinet.hub.projetoAppiumTDD.test.RegistroExcel">
    <failure type="org.openqa.selenium.NoSuchElementException" message="An element could not be located on the page using the given search parameters.
For documentation on this error, please visit: https://www.seleniumhq.org/exceptions/no_such_element.html
Build info: version: &amp;apos;3.141.59&amp;apos;, revision: &amp;apos;e82be7d358&amp;apos;, time: &amp;apos;2018-11-14T08:17:03&amp;apos;
System info: host: &amp;apos;RSI1525&amp;apos;, ip: &amp;apos;10.1.11.196&amp;apos;, os.name: &amp;apos;Windows 10&amp;apos;, os.arch: &amp;apos;amd64&amp;apos;, os.version: &amp;apos;10.0&amp;apos;, java.version: &amp;apos;1.8.0_231&amp;apos;
Driver info: io.appium.java_client.android.AndroidDriver
Capabilities {appActivity: com.Advantage.aShopping.Spl..., appPackage: com.Advantage.aShopping, databaseEnabled: false, desired: {appActivity: com.Advantage.aShopping.Spl..., appPackage: com.Advantage.aShopping, deviceName: AOSP on IA Emulator, platformName: android, platformVersion: 9}, deviceApiLevel: 28, deviceManufacturer: Google, deviceModel: AOSP on IA Emulator, deviceName: emulator-5554, deviceScreenDensity: 480, deviceScreenSize: 1080x1920, deviceUDID: emulator-5554, javascriptEnabled: true, locationContextEnabled: false, networkConnectionEnabled: true, pixelRatio: 3, platform: LINUX, platformName: Android, platformVersion: 9, statBarHeight: 72, takesScreenshot: true, viewportRect: {height: 1704, left: 0, top: 72, width: 1080}, warnings: {}, webStorageEnabled: false}
Session ID: ac44281f-21fd-48d1-9cc3-c1302fe60881
*** Element info: {Using=id, value=com.Advantage.aShopping:id/textViewMenuSignOut}">
      <![CDATA[org.openqa.selenium.NoSuchElementException: An element could not be located on the page using the given search parameters.
For documentation on this error, please visit: https://www.seleniumhq.org/exceptions/no_such_element.html
Build info: version: '3.141.59', revision: 'e82be7d358', time: '2018-11-14T08:17:03'
System info: host: 'RSI1525', ip: '10.1.11.196', os.name: 'Windows 10', os.arch: 'amd64', os.version: '10.0', java.version: '1.8.0_231'
Driver info: io.appium.java_client.android.AndroidDriver
Capabilities {appActivity: com.Advantage.aShopping.Spl..., appPackage: com.Advantage.aShopping, databaseEnabled: false, desired: {appActivity: com.Advantage.aShopping.Spl..., appPackage: com.Advantage.aShopping, deviceName: AOSP on IA Emulator, platformName: android, platformVersion: 9}, deviceApiLevel: 28, deviceManufacturer: Google, deviceModel: AOSP on IA Emulator, deviceName: emulator-5554, deviceScreenDensity: 480, deviceScreenSize: 1080x1920, deviceUDID: emulator-5554, javascriptEnabled: true, locationContextEnabled: false, networkConnectionEnabled: true, pixelRatio: 3, platform: LINUX, platformName: Android, platformVersion: 9, statBarHeight: 72, takesScreenshot: true, viewportRect: {height: 1704, left: 0, top: 72, width: 1080}, warnings: {}, webStorageEnabled: false}
Session ID: ac44281f-21fd-48d1-9cc3-c1302fe60881
*** Element info: {Using=id, value=com.Advantage.aShopping:id/textViewMenuSignOut}
at org.openqa.selenium.remote.http.W3CHttpResponseCodec.createException(W3CHttpResponseCodec.java:187)
at org.openqa.selenium.remote.http.W3CHttpResponseCodec.decode(W3CHttpResponseCodec.java:122)
at org.openqa.selenium.remote.http.W3CHttpResponseCodec.decode(W3CHttpResponseCodec.java:49)
at org.openqa.selenium.remote.HttpCommandExecutor.execute(HttpCommandExecutor.java:158)
at io.appium.java_client.remote.AppiumCommandExecutor.execute(AppiumCommandExecutor.java:239)
at org.openqa.selenium.remote.RemoteWebDriver.execute(RemoteWebDriver.java:552)
at io.appium.java_client.DefaultGenericMobileDriver.execute(DefaultGenericMobileDriver.java:42)
at io.appium.java_client.AppiumDriver.execute(AppiumDriver.java:1)
at io.appium.java_client.android.AndroidDriver.execute(AndroidDriver.java:1)
at org.openqa.selenium.remote.RemoteWebDriver.findElement(RemoteWebDriver.java:323)
at io.appium.java_client.DefaultGenericMobileDriver.findElement(DefaultGenericMobileDriver.java:62)
at io.appium.java_client.AppiumDriver.findElement(AppiumDriver.java:1)
at io.appium.java_client.android.AndroidDriver.findElement(AndroidDriver.java:1)
at org.openqa.selenium.remote.RemoteWebDriver.findElementById(RemoteWebDriver.java:372)
at io.appium.java_client.DefaultGenericMobileDriver.findElementById(DefaultGenericMobileDriver.java:70)
at io.appium.java_client.AppiumDriver.findElementById(AppiumDriver.java:1)
at io.appium.java_client.android.AndroidDriver.findElementById(AndroidDriver.java:1)
at br.com.rsinet.hub.projetoAppiumTDD.screenObject.HomeScreen.btn_Deslogar(HomeScreen.java:75)
at br.com.rsinet.hub.projetoAppiumTDD.test.RegistroExcel.Cadastrar_Usuario_Ja_Existente(RegistroExcel.java:167)
at java.util.ArrayList.forEach(Unknown Source)
... Removed 31 stack frames]]>
    </failure>
  </testcase> <!-- Cadastrar_Usuario_Ja_Existente -->
</testsuite> <!-- Funcionalidades Cadastro de novo usuario, Pesquisa de Produto pela pagina Inicial, Pesquisa de produto pelo campo de pesquisa -->
