<?xml version="1.0" encoding="UTF-8"?>
<!-- Generated by org.testng.reporters.JUnitXMLReporter -->
<testsuite hostname="RSI1525" ignored="0" name="Test" tests="4" failures="0" timestamp="2020-02-18T18:13:52 BRT" time="65.726" errors="0">
  <testcase name="Pesquisar_Produto_Pela_Pagina_Inicial_Existente" time="7.337" classname="br.com.rsinet.hub.projetoAppiumTDD.test.PesquisaHome"/>
  <testcase name="Pesquisar_Produto_Pela_Pagina_Inicial_Incorreto" time="7.807" classname="br.com.rsinet.hub.projetoAppiumTDD.test.PesquisaHome"/>
  <testcase name="Pesquisar_Produto_Pela_Barra_De_Pesquisa" time="11.969" classname="br.com.rsinet.hub.projetoAppiumTDD.test.PesquisaLupa"/>
  <testcase name="Pesquisar_Produto_Pela_Barra_De_Pesquisa_Inexistente" time="3.038" classname="br.com.rsinet.hub.projetoAppiumTDD.test.PesquisaLupa"/>
</testsuite> <!-- Test -->
