<?xml version="1.0" encoding="UTF-8"?>
<!-- Generated by org.testng.reporters.JUnitXMLReporter -->
<testsuite hostname="RSI1525" ignored="0" name="Default test" tests="2" failures="0" timestamp="2020-02-18T16:12:29 BRT" time="47.459" errors="0">
  <testcase name="Pesquisar_Produto_Pela_Barra_De_Pesquisa" time="14.875" classname="br.com.rsinet.hub.projetoAppiumTDD.test.PesquisaLupa"/>
  <testcase name="Pesquisar_Produto_Pela_Barra_De_Pesquisa_Inexistente" time="3.408" classname="br.com.rsinet.hub.projetoAppiumTDD.test.PesquisaLupa"/>
</testsuite> <!-- Default test -->
