<?xml version="1.0" encoding="UTF-8"?>
<testng-results skipped="0" failed="0" ignored="0" total="2" passed="2">
  <reporter-output>
  </reporter-output>
  <suite name="Default suite" duration-ms="47459" started-at="2020-02-18T16:11:42 BRT" finished-at="2020-02-18T16:12:29 BRT">
    <groups>
    </groups>
    <test name="Default test" duration-ms="47459" started-at="2020-02-18T16:11:42 BRT" finished-at="2020-02-18T16:12:29 BRT">
      <class name="br.com.rsinet.hub.projetoAppiumTDD.test.PesquisaLupa">
        <test-method status="PASS" signature="inicializaRelatorio()[pri:0, instance:br.com.rsinet.hub.projetoAppiumTDD.test.PesquisaLupa@76b0bfab]" name="inicializaRelatorio" is-config="true" duration-ms="193" started-at="2020-02-18T16:11:42 BRT" finished-at="2020-02-18T16:11:42 BRT">
          <reporter-output>
          </reporter-output>
        </test-method> <!-- inicializaRelatorio -->
        <test-method status="PASS" signature="AbreAPlicacao()[pri:0, instance:br.com.rsinet.hub.projetoAppiumTDD.test.PesquisaLupa@76b0bfab]" name="AbreAPlicacao" is-config="true" duration-ms="14588" started-at="2020-02-18T16:11:42 BRT" finished-at="2020-02-18T16:11:56 BRT">
          <reporter-output>
          </reporter-output>
        </test-method> <!-- AbreAPlicacao -->
        <test-method status="PASS" signature="Pesquisar_Produto_Pela_Barra_De_Pesquisa()[pri:0, instance:br.com.rsinet.hub.projetoAppiumTDD.test.PesquisaLupa@76b0bfab]" name="Pesquisar_Produto_Pela_Barra_De_Pesquisa" duration-ms="14875" started-at="2020-02-18T16:11:56 BRT" finished-at="2020-02-18T16:12:11 BRT">
          <reporter-output>
          </reporter-output>
        </test-method> <!-- Pesquisar_Produto_Pela_Barra_De_Pesquisa -->
        <test-method status="PASS" signature="testConfigsOff(org.testng.ITestResult)[pri:0, instance:br.com.rsinet.hub.projetoAppiumTDD.test.PesquisaLupa@76b0bfab]" name="testConfigsOff" is-config="true" duration-ms="1633" started-at="2020-02-18T16:12:11 BRT" finished-at="2020-02-18T16:12:13 BRT">
          <params>
            <param index="0">
              <value>
                <![CDATA[[TestResult name=Pesquisar_Produto_Pela_Barra_De_Pesquisa status=SUCCESS method=PesquisaLupa.Pesquisar_Produto_Pela_Barra_De_Pesquisa()[pri:0, instance:br.com.rsinet.hub.projetoAppiumTDD.test.PesquisaLupa@76b0bfab] output={null}]]]>
              </value>
            </param>
          </params>
          <reporter-output>
          </reporter-output>
        </test-method> <!-- testConfigsOff -->
        <test-method status="PASS" signature="AbreAPlicacao()[pri:0, instance:br.com.rsinet.hub.projetoAppiumTDD.test.PesquisaLupa@76b0bfab]" name="AbreAPlicacao" is-config="true" duration-ms="10762" started-at="2020-02-18T16:12:13 BRT" finished-at="2020-02-18T16:12:24 BRT">
          <reporter-output>
          </reporter-output>
        </test-method> <!-- AbreAPlicacao -->
        <test-method status="PASS" signature="Pesquisar_Produto_Pela_Barra_De_Pesquisa_Inexistente()[pri:0, instance:br.com.rsinet.hub.projetoAppiumTDD.test.PesquisaLupa@76b0bfab]" name="Pesquisar_Produto_Pela_Barra_De_Pesquisa_Inexistente" duration-ms="3408" started-at="2020-02-18T16:12:24 BRT" finished-at="2020-02-18T16:12:27 BRT">
          <reporter-output>
          </reporter-output>
        </test-method> <!-- Pesquisar_Produto_Pela_Barra_De_Pesquisa_Inexistente -->
        <test-method status="PASS" signature="testConfigsOff(org.testng.ITestResult)[pri:0, instance:br.com.rsinet.hub.projetoAppiumTDD.test.PesquisaLupa@76b0bfab]" name="testConfigsOff" is-config="true" duration-ms="1489" started-at="2020-02-18T16:12:27 BRT" finished-at="2020-02-18T16:12:29 BRT">
          <params>
            <param index="0">
              <value>
                <![CDATA[[TestResult name=Pesquisar_Produto_Pela_Barra_De_Pesquisa_Inexistente status=SUCCESS method=PesquisaLupa.Pesquisar_Produto_Pela_Barra_De_Pesquisa_Inexistente()[pri:0, instance:br.com.rsinet.hub.projetoAppiumTDD.test.PesquisaLupa@76b0bfab] output={null}]]]>
              </value>
            </param>
          </params>
          <reporter-output>
          </reporter-output>
        </test-method> <!-- testConfigsOff -->
        <test-method status="PASS" signature="FinalizaAplicacao()[pri:0, instance:br.com.rsinet.hub.projetoAppiumTDD.test.PesquisaLupa@76b0bfab]" name="FinalizaAplicacao" is-config="true" duration-ms="450" started-at="2020-02-18T16:12:29 BRT" finished-at="2020-02-18T16:12:29 BRT">
          <reporter-output>
          </reporter-output>
        </test-method> <!-- FinalizaAplicacao -->
      </class> <!-- br.com.rsinet.hub.projetoAppiumTDD.test.PesquisaLupa -->
    </test> <!-- Default test -->
  </suite> <!-- Default suite -->
</testng-results>
